>>> cc



>>> ld

C:/Users/User/.eide/tools/gcc_arm/bin/../lib/gcc/arm-none-eabi/14.3.1/../../../../arm-none-eabi/bin/ld.exe: C:/Users/User/.eide/tools/gcc_arm/bin/../lib/gcc/arm-none-eabi/14.3.1/../../../../arm-none-eabi/lib/thumb/v6-m/nofp\libc_nano.a(libc_a-closer.o): in function `_close_r':
closer.c:(.text._close_r+0xc): warning: _close is not implemented and will always fail
C:/Users/User/.eide/tools/gcc_arm/bin/../lib/gcc/arm-none-eabi/14.3.1/../../../../arm-none-eabi/bin/ld.exe: C:/Users/User/.eide/tools/gcc_arm/bin/../lib/gcc/arm-none-eabi/14.3.1/../../../../arm-none-eabi/lib/thumb/v6-m/nofp\libc_nano.a(libc_a-closer.o): note: the message above does not take linker garbage collection into account
C:/Users/User/.eide/tools/gcc_arm/bin/../lib/gcc/arm-none-eabi/14.3.1/../../../../arm-none-eabi/bin/ld.exe: C:/Users/User/.eide/tools/gcc_arm/bin/../lib/gcc/arm-none-eabi/14.3.1/../../../../arm-none-eabi/lib/thumb/v6-m/nofp\libc_nano.a(libc_a-fstatr.o): in function `_fstat_r':
fstatr.c:(.text._fstat_r+0xe): warning: _fstat is not implemented and will always fail
C:/Users/User/.eide/tools/gcc_arm/bin/../lib/gcc/arm-none-eabi/14.3.1/../../../../arm-none-eabi/bin/ld.exe: C:/Users/User/.eide/tools/gcc_arm/bin/../lib/gcc/arm-none-eabi/14.3.1/../../../../arm-none-eabi/lib/thumb/v6-m/nofp\libc_nano.a(libc_a-fstatr.o): note: the message above does not take linker garbage collection into account
C:/Users/User/.eide/tools/gcc_arm/bin/../lib/gcc/arm-none-eabi/14.3.1/../../../../arm-none-eabi/bin/ld.exe: C:/Users/User/.eide/tools/gcc_arm/bin/../lib/gcc/arm-none-eabi/14.3.1/../../../../arm-none-eabi/lib/thumb/v6-m/nofp\libc_nano.a(libc_a-isattyr.o): note: the message above does not take linker garbage collection into account
C:/Users/User/.eide/tools/gcc_arm/bin/../lib/gcc/arm-none-eabi/14.3.1/../../../../arm-none-eabi/bin/ld.exe: C:/Users/User/.eide/tools/gcc_arm/bin/../lib/gcc/arm-none-eabi/14.3.1/../../../../arm-none-eabi/lib/thumb/v6-m/nofp\libc_nano.a(libc_a-isattyr.o): in function `_isatty_r':
isattyr.c:(.text._isatty_r+0xc): warning: _isatty is not implemented and will always fail
C:/Users/User/.eide/tools/gcc_arm/bin/../lib/gcc/arm-none-eabi/14.3.1/../../../../arm-none-eabi/bin/ld.exe: C:/Users/User/.eide/tools/gcc_arm/bin/../lib/gcc/arm-none-eabi/14.3.1/../../../../arm-none-eabi/lib/thumb/v6-m/nofp\libc_nano.a(libc_a-lseekr.o): in function `_lseek_r':
lseekr.c:(.text._lseek_r+0x10): warning: _lseek is not implemented and will always fail
C:/Users/User/.eide/tools/gcc_arm/bin/../lib/gcc/arm-none-eabi/14.3.1/../../../../arm-none-eabi/bin/ld.exe: C:/Users/User/.eide/tools/gcc_arm/bin/../lib/gcc/arm-none-eabi/14.3.1/../../../../arm-none-eabi/lib/thumb/v6-m/nofp\libc_nano.a(libc_a-lseekr.o): note: the message above does not take linker garbage collection into account
C:/Users/User/.eide/tools/gcc_arm/bin/../lib/gcc/arm-none-eabi/14.3.1/../../../../arm-none-eabi/bin/ld.exe: C:/Users/User/.eide/tools/gcc_arm/bin/../lib/gcc/arm-none-eabi/14.3.1/../../../../arm-none-eabi/lib/thumb/v6-m/nofp\libc_nano.a(libc_a-readr.o): in function `_read_r':
readr.c:(.text._read_r+0x10): warning: _read is not implemented and will always fail
C:/Users/User/.eide/tools/gcc_arm/bin/../lib/gcc/arm-none-eabi/14.3.1/../../../../arm-none-eabi/bin/ld.exe: C:/Users/User/.eide/tools/gcc_arm/bin/../lib/gcc/arm-none-eabi/14.3.1/../../../../arm-none-eabi/lib/thumb/v6-m/nofp\libc_nano.a(libc_a-readr.o): note: the message above does not take linker garbage collection into account
Memory region         Used Size  Region Size  %age Used
             RAM:        1504 B         3 KB     48.96%
           FLASH:        7264 B        24 KB     29.56%
