
c:\ACHIP\Xiamatsu\PY32F_eide\_mini_examples\F002B_Blink\EIDE\Debug\Blink.elf:     file format elf32-littlearm


Disassembly of section .text:

080000c0 <__do_global_dtors_aux>:
 80000c0:	b510      	push	{r4, lr}
 80000c2:	4c06      	ldr	r4, [pc, #24]	@ (80000dc <__do_global_dtors_aux+0x1c>)
 80000c4:	7823      	ldrb	r3, [r4, #0]
 80000c6:	2b00      	cmp	r3, #0
 80000c8:	d107      	bne.n	80000da <__do_global_dtors_aux+0x1a>
 80000ca:	4b05      	ldr	r3, [pc, #20]	@ (80000e0 <__do_global_dtors_aux+0x20>)
 80000cc:	2b00      	cmp	r3, #0
 80000ce:	d002      	beq.n	80000d6 <__do_global_dtors_aux+0x16>
 80000d0:	4804      	ldr	r0, [pc, #16]	@ (80000e4 <__do_global_dtors_aux+0x24>)
 80000d2:	e000      	b.n	80000d6 <__do_global_dtors_aux+0x16>
 80000d4:	bf00      	nop
 80000d6:	2301      	movs	r3, #1
 80000d8:	7023      	strb	r3, [r4, #0]
 80000da:	bd10      	pop	{r4, pc}
 80000dc:	20000000 	.word	0x20000000
 80000e0:	00000000 	.word	0x00000000
 80000e4:	08000268 	.word	0x08000268

080000e8 <frame_dummy>:
 80000e8:	4b04      	ldr	r3, [pc, #16]	@ (80000fc <frame_dummy+0x14>)
 80000ea:	b510      	push	{r4, lr}
 80000ec:	2b00      	cmp	r3, #0
 80000ee:	d003      	beq.n	80000f8 <frame_dummy+0x10>
 80000f0:	4903      	ldr	r1, [pc, #12]	@ (8000100 <frame_dummy+0x18>)
 80000f2:	4804      	ldr	r0, [pc, #16]	@ (8000104 <frame_dummy+0x1c>)
 80000f4:	e000      	b.n	80000f8 <frame_dummy+0x10>
 80000f6:	bf00      	nop
 80000f8:	bd10      	pop	{r4, pc}
 80000fa:	46c0      	nop			@ (mov r8, r8)
 80000fc:	00000000 	.word	0x00000000
 8000100:	20000004 	.word	0x20000004
 8000104:	08000268 	.word	0x08000268

08000108 <main>:
/* Private user code ---------------------------------------------------------*/
/* Private macro -------------------------------------------------------------*/
/* Private function prototypes -----------------------------------------------*/

int main(void)
{
 8000108:	b580      	push	{r7, lr}
 800010a:	af00      	add	r7, sp, #0
  /* Reset of all peripherals, Initializes the Systick. */
  
  /* System clock configuration */
  
  /* infinite loop */
  while (1)
 800010c:	46c0      	nop			@ (mov r8, r8)
 800010e:	e7fd      	b.n	800010c <main+0x4>

08000110 <NMI_Handler>:
/******************************************************************************/
/**
  * @brief This function handles Non maskable interrupt.
  */
void NMI_Handler(void)
{
 8000110:	b580      	push	{r7, lr}
 8000112:	af00      	add	r7, sp, #0
}
 8000114:	46c0      	nop			@ (mov r8, r8)
 8000116:	46bd      	mov	sp, r7
 8000118:	bd80      	pop	{r7, pc}

0800011a <HardFault_Handler>:

/**
  * @brief This function handles Hard fault interrupt.
  */
void HardFault_Handler(void)
{
 800011a:	b580      	push	{r7, lr}
 800011c:	af00      	add	r7, sp, #0
  while (1)
 800011e:	46c0      	nop			@ (mov r8, r8)
 8000120:	e7fd      	b.n	800011e <HardFault_Handler+0x4>

08000122 <SVC_Handler>:

/**
  * @brief This function handles System service call via SWI instruction.
  */
void SVC_Handler(void)
{
 8000122:	b580      	push	{r7, lr}
 8000124:	af00      	add	r7, sp, #0
}
 8000126:	46c0      	nop			@ (mov r8, r8)
 8000128:	46bd      	mov	sp, r7
 800012a:	bd80      	pop	{r7, pc}

0800012c <PendSV_Handler>:

/**
  * @brief This function handles Pendable request for system service.
  */
void PendSV_Handler(void)
{
 800012c:	b580      	push	{r7, lr}
 800012e:	af00      	add	r7, sp, #0
}
 8000130:	46c0      	nop			@ (mov r8, r8)
 8000132:	46bd      	mov	sp, r7
 8000134:	bd80      	pop	{r7, pc}

08000136 <SysTick_Handler>:

/**
  * @brief This function handles System tick timer.
  */
void SysTick_Handler(void)
{
 8000136:	b580      	push	{r7, lr}
 8000138:	af00      	add	r7, sp, #0
}
 800013a:	46c0      	nop			@ (mov r8, r8)
 800013c:	46bd      	mov	sp, r7
 800013e:	bd80      	pop	{r7, pc}

08000140 <Reset_Handler>:
    
    .section .text.Reset_Handler
    .weak Reset_Handler
    .type Reset_Handler, %function
Reset_Handler:
    ldr   r0, =_estack
 8000140:	480d      	ldr	r0, [pc, #52]	@ (8000178 <LoopForever+0x2>)
    mov   sp, r0          /* set stack pointer */
 8000142:	4685      	mov	sp, r0

/* Copy the data segment initializers from flash to SRAM */
    ldr r0, =_sdata
 8000144:	480d      	ldr	r0, [pc, #52]	@ (800017c <LoopForever+0x6>)
    ldr r1, =_edata
 8000146:	490e      	ldr	r1, [pc, #56]	@ (8000180 <LoopForever+0xa>)
    ldr r2, =_sidata
 8000148:	4a0e      	ldr	r2, [pc, #56]	@ (8000184 <LoopForever+0xe>)
    movs r3, #0
 800014a:	2300      	movs	r3, #0
    b LoopCopyDataInit
 800014c:	e002      	b.n	8000154 <LoopCopyDataInit>

0800014e <CopyDataInit>:

CopyDataInit:
        ldr r4, [r2, r3]
 800014e:	58d4      	ldr	r4, [r2, r3]
        str r4, [r0, r3]
 8000150:	50c4      	str	r4, [r0, r3]
        adds r3, r3, #4
 8000152:	3304      	adds	r3, #4

08000154 <LoopCopyDataInit>:
LoopCopyDataInit:
        adds r4, r0, r3
 8000154:	18c4      	adds	r4, r0, r3
        cmp r4, r1
 8000156:	428c      	cmp	r4, r1
        bcc CopyDataInit
 8000158:	d3f9      	bcc.n	800014e <CopyDataInit>

/* Zero fill the bss segment. */
    ldr r2, =_sbss
 800015a:	4a0b      	ldr	r2, [pc, #44]	@ (8000188 <LoopForever+0x12>)
    ldr r4, =_ebss
 800015c:	4c0b      	ldr	r4, [pc, #44]	@ (800018c <LoopForever+0x16>)
    movs r3, #0
 800015e:	2300      	movs	r3, #0
    b LoopFillZerobss
 8000160:	e001      	b.n	8000166 <LoopFillZerobss>

08000162 <FillZerobss>:

FillZerobss:
        str  r3, [r2]
 8000162:	6013      	str	r3, [r2, #0]
        adds r2, r2, #4
 8000164:	3204      	adds	r2, #4

08000166 <LoopFillZerobss>:
LoopFillZerobss:
        cmp r2, r4
 8000166:	42a2      	cmp	r2, r4
        bcc FillZerobss
 8000168:	d3fb      	bcc.n	8000162 <FillZerobss>

/* Call the clock system initialization function.*/
    bl  SystemInit
 800016a:	f000 f813 	bl	8000194 <SystemInit>
/* Call static constructors */
    bl __libc_init_array
 800016e:	f000 f857 	bl	8000220 <__libc_init_array>
/* Call the application s entry point.*/
    bl main
 8000172:	f7ff ffc9 	bl	8000108 <main>

08000176 <LoopForever>:

LoopForever:
    b LoopForever
 8000176:	e7fe      	b.n	8000176 <LoopForever>
    ldr   r0, =_estack
 8000178:	20000c00 	.word	0x20000c00
    ldr r0, =_sdata
 800017c:	20000000 	.word	0x20000000
    ldr r1, =_edata
 8000180:	20000000 	.word	0x20000000
    ldr r2, =_sidata
 8000184:	08000288 	.word	0x08000288
    ldr r2, =_sbss
 8000188:	20000000 	.word	0x20000000
    ldr r4, =_ebss
 800018c:	2000001c 	.word	0x2000001c

08000190 <ADC_COMP_IRQHandler>:
 * @retval None
*/
    .section .text.Default_Handler,"ax",%progbits
Default_Handler:
Infinite_Loop:
    b Infinite_Loop
 8000190:	e7fe      	b.n	8000190 <ADC_COMP_IRQHandler>
	...

08000194 <SystemInit>:
 *         Initialize the System.
 * @param  none
 * @return none
 */
void SystemInit(void)
{
 8000194:	b580      	push	{r7, lr}
 8000196:	af00      	add	r7, sp, #0
  /*Set the HSI clock to 24MHz by default*/
  RCC->ICSCR = (RCC->ICSCR & 0xFFFF0000) | ((*(uint32_t *)(0x1FFF0100)) & 0xFFFF);
 8000198:	4b10      	ldr	r3, [pc, #64]	@ (80001dc <SystemInit+0x48>)
 800019a:	685b      	ldr	r3, [r3, #4]
 800019c:	0c1b      	lsrs	r3, r3, #16
 800019e:	0419      	lsls	r1, r3, #16
 80001a0:	4b0f      	ldr	r3, [pc, #60]	@ (80001e0 <SystemInit+0x4c>)
 80001a2:	681b      	ldr	r3, [r3, #0]
 80001a4:	041b      	lsls	r3, r3, #16
 80001a6:	0c1a      	lsrs	r2, r3, #16
 80001a8:	4b0c      	ldr	r3, [pc, #48]	@ (80001dc <SystemInit+0x48>)
 80001aa:	430a      	orrs	r2, r1
 80001ac:	605a      	str	r2, [r3, #4]

  /*Set the LSI clock to 32.768KHz by default*/
  RCC->ICSCR = (RCC->ICSCR & 0xFE00FFFF) | (((*(uint32_t *)(0x1FFF0144)) & 0x1FF) << RCC_ICSCR_LSI_TRIM_Pos);
 80001ae:	4b0b      	ldr	r3, [pc, #44]	@ (80001dc <SystemInit+0x48>)
 80001b0:	685b      	ldr	r3, [r3, #4]
 80001b2:	4a0c      	ldr	r2, [pc, #48]	@ (80001e4 <SystemInit+0x50>)
 80001b4:	4013      	ands	r3, r2
 80001b6:	0019      	movs	r1, r3
 80001b8:	4b0b      	ldr	r3, [pc, #44]	@ (80001e8 <SystemInit+0x54>)
 80001ba:	681b      	ldr	r3, [r3, #0]
 80001bc:	041b      	lsls	r3, r3, #16
 80001be:	4a0b      	ldr	r2, [pc, #44]	@ (80001ec <SystemInit+0x58>)
 80001c0:	401a      	ands	r2, r3
 80001c2:	4b06      	ldr	r3, [pc, #24]	@ (80001dc <SystemInit+0x48>)
 80001c4:	430a      	orrs	r2, r1
 80001c6:	605a      	str	r2, [r3, #4]

  /* Configure the Vector Table location add offset address ------------------*/
#ifdef VECT_TAB_SRAM
  SCB->VTOR = SRAM_BASE | VECT_TAB_OFFSET; /* Vector Table Relocation in Internal SRAM */
#else
  SCB->VTOR = FLASH_BASE | VECT_TAB_OFFSET; /* Vector Table Relocation in Internal FLASH */
 80001c8:	4b09      	ldr	r3, [pc, #36]	@ (80001f0 <SystemInit+0x5c>)
 80001ca:	2280      	movs	r2, #128	@ 0x80
 80001cc:	0512      	lsls	r2, r2, #20
 80001ce:	609a      	str	r2, [r3, #8]
#endif /* VECT_TAB_SRAM */

#ifndef SWD_DELAY
  /* When the SWD pin is reused for other functions, this function is used to solve the 
  problem of not being able to update the code. */
  DelayTime(200);
 80001d0:	20c8      	movs	r0, #200	@ 0xc8
 80001d2:	f000 f80f 	bl	80001f4 <DelayTime>
#endif /* SWD_DELAY */
}
 80001d6:	46c0      	nop			@ (mov r8, r8)
 80001d8:	46bd      	mov	sp, r7
 80001da:	bd80      	pop	{r7, pc}
 80001dc:	40021000 	.word	0x40021000
 80001e0:	1fff0100 	.word	0x1fff0100
 80001e4:	fe00ffff 	.word	0xfe00ffff
 80001e8:	1fff0144 	.word	0x1fff0144
 80001ec:	01ff0000 	.word	0x01ff0000
 80001f0:	e000ed00 	.word	0xe000ed00

080001f4 <DelayTime>:
  * @brief  This function provides delay (in milliseconds) based on CPU cycles method.
  * @param  mdelay: specifies the delay time length, in milliseconds.
  * @retval None
  */
static void DelayTime(uint32_t mdelay)
{
 80001f4:	b580      	push	{r7, lr}
 80001f6:	b084      	sub	sp, #16
 80001f8:	af00      	add	r7, sp, #0
 80001fa:	6078      	str	r0, [r7, #4]
  __IO uint32_t Delay = mdelay * (24000000U / 8U / 1000U);
 80001fc:	687b      	ldr	r3, [r7, #4]
 80001fe:	4a07      	ldr	r2, [pc, #28]	@ (800021c <DelayTime+0x28>)
 8000200:	4353      	muls	r3, r2
 8000202:	60fb      	str	r3, [r7, #12]
  do
  {
    __NOP();
 8000204:	46c0      	nop			@ (mov r8, r8)
  }
  while (Delay --);
 8000206:	68fb      	ldr	r3, [r7, #12]
 8000208:	1e5a      	subs	r2, r3, #1
 800020a:	60fa      	str	r2, [r7, #12]
 800020c:	2b00      	cmp	r3, #0
 800020e:	d1f9      	bne.n	8000204 <DelayTime+0x10>
}
 8000210:	46c0      	nop			@ (mov r8, r8)
 8000212:	46c0      	nop			@ (mov r8, r8)
 8000214:	46bd      	mov	sp, r7
 8000216:	b004      	add	sp, #16
 8000218:	bd80      	pop	{r7, pc}
 800021a:	46c0      	nop			@ (mov r8, r8)
 800021c:	00000bb8 	.word	0x00000bb8

08000220 <__libc_init_array>:
 8000220:	b570      	push	{r4, r5, r6, lr}
 8000222:	2600      	movs	r6, #0
 8000224:	4c0c      	ldr	r4, [pc, #48]	@ (8000258 <__libc_init_array+0x38>)
 8000226:	4d0d      	ldr	r5, [pc, #52]	@ (800025c <__libc_init_array+0x3c>)
 8000228:	1b64      	subs	r4, r4, r5
 800022a:	10a4      	asrs	r4, r4, #2
 800022c:	42a6      	cmp	r6, r4
 800022e:	d109      	bne.n	8000244 <__libc_init_array+0x24>
 8000230:	2600      	movs	r6, #0
 8000232:	f000 f819 	bl	8000268 <_init>
 8000236:	4c0a      	ldr	r4, [pc, #40]	@ (8000260 <__libc_init_array+0x40>)
 8000238:	4d0a      	ldr	r5, [pc, #40]	@ (8000264 <__libc_init_array+0x44>)
 800023a:	1b64      	subs	r4, r4, r5
 800023c:	10a4      	asrs	r4, r4, #2
 800023e:	42a6      	cmp	r6, r4
 8000240:	d105      	bne.n	800024e <__libc_init_array+0x2e>
 8000242:	bd70      	pop	{r4, r5, r6, pc}
 8000244:	00b3      	lsls	r3, r6, #2
 8000246:	58eb      	ldr	r3, [r5, r3]
 8000248:	4798      	blx	r3
 800024a:	3601      	adds	r6, #1
 800024c:	e7ee      	b.n	800022c <__libc_init_array+0xc>
 800024e:	00b3      	lsls	r3, r6, #2
 8000250:	58eb      	ldr	r3, [r5, r3]
 8000252:	4798      	blx	r3
 8000254:	3601      	adds	r6, #1
 8000256:	e7f2      	b.n	800023e <__libc_init_array+0x1e>
 8000258:	08000280 	.word	0x08000280
 800025c:	08000280 	.word	0x08000280
 8000260:	08000284 	.word	0x08000284
 8000264:	08000280 	.word	0x08000280

08000268 <_init>:
 8000268:	b5f8      	push	{r3, r4, r5, r6, r7, lr}
 800026a:	46c0      	nop			@ (mov r8, r8)
 800026c:	bcf8      	pop	{r3, r4, r5, r6, r7}
 800026e:	bc08      	pop	{r3}
 8000270:	469e      	mov	lr, r3
 8000272:	4770      	bx	lr

08000274 <_fini>:
 8000274:	b5f8      	push	{r3, r4, r5, r6, r7, lr}
 8000276:	46c0      	nop			@ (mov r8, r8)
 8000278:	bcf8      	pop	{r3, r4, r5, r6, r7}
 800027a:	bc08      	pop	{r3}
 800027c:	469e      	mov	lr, r3
 800027e:	4770      	bx	lr
